<?xml version="1.0" encoding="UTF-8"?>
<!-- Generated by org.testng.reporters.JUnitXMLReporter -->
<testsuite ignored="1" hostname="Kar" failures="0" tests="2" name="Test1" time="12.69" errors="0" timestamp="2023-02-28T12:02:59 IST">
  <testcase classname="sample.crossbrowser2" name="ts1" time="0.181"/>
  <testcase classname="sample.crossbrowsertest" name="ts1" time="0.227"/>
  <testcase classname="sample.crossbrowser" name="@AfterTest testTeardown" time="0.0">
    <ignored/>
  </testcase> <!-- @AfterTest testTeardown -->
</testsuite> <!-- Test1 -->
