<?xml version="1.0" encoding="UTF-8"?>
<!-- Generated by org.testng.reporters.JUnitXMLReporter -->
<testsuite ignored="1" hostname="Kar" failures="2" tests="2" name="Test" time="10.21" errors="0" timestamp="2023-03-07T23:38:20 IST">
  <testcase classname="sample.flipTest" name="ts1" time="0.014">
    <failure type="java.lang.NullPointerException" message="Cannot invoke &amp;quot;Annotation.ExtentReport.author()&amp;quot; because &amp;quot;annotaion&amp;quot; is null">
      <![CDATA[java.lang.NullPointerException: Cannot invoke "Annotation.ExtentReport.author()" because "annotaion" is null
at generic_utilities.Extentreportlistner.onTestStart(Extentreportlistner.java:64)
at java.base/java.util.ArrayList.forEach(ArrayList.java:1511)
... Removed 24 stack frames]]>
    </failure>
  </testcase> <!-- ts1 -->
  <testcase classname="sample.flipTest" name="ts1" time="3.16">
    <failure type="java.lang.NullPointerException" message="Cannot invoke &amp;quot;org.openqa.selenium.TakesScreenshot.getScreenshotAs(org.openqa.selenium.OutputType)&amp;quot; because &amp;quot;this.ts&amp;quot; is null">
      <![CDATA[java.lang.NullPointerException: Cannot invoke "org.openqa.selenium.TakesScreenshot.getScreenshotAs(org.openqa.selenium.OutputType)" because "this.ts" is null
at generic_utilities.Webdriver_utility.genericScreenshot(Webdriver_utility.java:242)
at generic_utilities.Extentreportlistner.onTestFailure(Extentreportlistner.java:95)
at java.base/java.util.ArrayList.forEach(ArrayList.java:1511)
... Removed 24 stack frames]]>
    </failure>
  </testcase> <!-- ts1 -->
  <testcase classname="BaseClassPractice.BaseClassPractice" name="@AfterTest testTeardown" time="0.0">
    <ignored/>
  </testcase> <!-- @AfterTest testTeardown -->
</testsuite> <!-- Test -->
