<?xml version="1.0" encoding="UTF-8"?>
<!-- Generated by org.testng.reporters.JUnitXMLReporter -->
<testsuite ignored="1" hostname="Kar" failures="0" tests="2" name="Test1" time="15.372" errors="0" timestamp="2023-03-08T18:03:57 IST">
  <testcase classname="sample.flipTest" name="ts1" time="0.192"/>
  <testcase classname="sample.flipTest1" name="ts1" time="0.112"/>
  <testcase classname="BaseClassPractice.BaseClassPractice" name="@AfterTest testTeardown" time="0.0">
    <ignored/>
  </testcase> <!-- @AfterTest testTeardown -->
</testsuite> <!-- Test1 -->
