<?xml version="1.0" encoding="UTF-8"?>
<!-- Generated by org.testng.reporters.JUnitXMLReporter -->
<testsuite hostname="Kar" ignored="1" name="Test" tests="2" failures="0" timestamp="2023-03-10T13:29:53 IST" time="21.502" errors="0">
  <testcase name="ts" time="0.387" classname="sample.flipTest"/>
  <testcase name="ts1" time="0.481" classname="sample.flipTest1"/>
  <testcase name="@AfterTest testTeardown" time="0.0" classname="BaseClassPractice.BaseClassPractice">
    <ignored/>
  </testcase> <!-- @AfterTest testTeardown -->
</testsuite> <!-- Test -->
