<?xml version="1.0" encoding="UTF-8"?>
<testng-results skipped="0" failed="0" ignored="0" total="2" passed="2">
  <reporter-output>
  </reporter-output>
  <suite name="Suite" duration-ms="17962" started-at="2023-03-14T16:59:23 IST" finished-at="2023-03-14T16:59:41 IST">
    <groups>
      <group name="minor">
        <method signature="flipTest1.ts1()[pri:0, instance:BaseClassPractice.flipTest1@79be0360]" name="ts1" class="BaseClassPractice.flipTest1"/>
      </group> <!-- minor -->
      <group name="major">
        <method signature="flipTest.ts()[pri:0, instance:BaseClassPractice.flipTest@6321e813]" name="ts" class="BaseClassPractice.flipTest"/>
      </group> <!-- major -->
      <group name="regression">
        <method signature="flipTest.ts()[pri:0, instance:BaseClassPractice.flipTest@6321e813]" name="ts" class="BaseClassPractice.flipTest"/>
      </group> <!-- regression -->
      <group name="sanity">
        <method signature="flipTest1.ts1()[pri:0, instance:BaseClassPractice.flipTest1@79be0360]" name="ts1" class="BaseClassPractice.flipTest1"/>
      </group> <!-- sanity -->
    </groups>
    <test name="Test" duration-ms="17962" started-at="2023-03-14T16:59:23 IST" finished-at="2023-03-14T16:59:41 IST">
      <class name="BaseClassPractice.flipTest">
        <test-method status="PASS" signature="classsetup(java.lang.String)[pri:0, instance:BaseClassPractice.flipTest@6321e813]" name="classsetup" is-config="true" duration-ms="4782" started-at="2023-03-14T16:59:23 IST" finished-at="2023-03-14T16:59:28 IST">
          <params>
            <param index="0">
              <value>
                <![CDATA[firefox]]>
              </value>
            </param>
          </params>
          <reporter-output>
          </reporter-output>
        </test-method> <!-- classsetup -->
        <test-method status="PASS" signature="methodSetup()[pri:0, instance:BaseClassPractice.flipTest@6321e813]" name="methodSetup" is-config="true" duration-ms="4084" started-at="2023-03-14T16:59:28 IST" finished-at="2023-03-14T16:59:32 IST">
          <reporter-output>
          </reporter-output>
        </test-method> <!-- methodSetup -->
        <test-method status="PASS" signature="ts()[pri:0, instance:BaseClassPractice.flipTest@6321e813]" name="ts" duration-ms="383" started-at="2023-03-14T16:59:32 IST" finished-at="2023-03-14T16:59:32 IST">
          <reporter-output>
          </reporter-output>
        </test-method> <!-- ts -->
        <test-method status="PASS" signature="methodteardown()[pri:0, instance:BaseClassPractice.flipTest@6321e813]" name="methodteardown" is-config="true" duration-ms="16" started-at="2023-03-14T16:59:32 IST" finished-at="2023-03-14T16:59:32 IST">
          <reporter-output>
          </reporter-output>
        </test-method> <!-- methodteardown -->
        <test-method status="PASS" signature="testTeardown()[pri:0, instance:BaseClassPractice.flipTest@6321e813]" name="testTeardown" is-config="true" duration-ms="1073" started-at="2023-03-14T16:59:32 IST" finished-at="2023-03-14T16:59:33 IST">
          <reporter-output>
          </reporter-output>
        </test-method> <!-- testTeardown -->
      </class> <!-- BaseClassPractice.flipTest -->
      <class name="BaseClassPractice.flipTest1">
        <test-method status="PASS" signature="classsetup(java.lang.String)[pri:0, instance:BaseClassPractice.flipTest1@79be0360]" name="classsetup" is-config="true" duration-ms="2977" started-at="2023-03-14T16:59:33 IST" finished-at="2023-03-14T16:59:36 IST">
          <params>
            <param index="0">
              <value>
                <![CDATA[firefox]]>
              </value>
            </param>
          </params>
          <reporter-output>
          </reporter-output>
        </test-method> <!-- classsetup -->
        <test-method status="PASS" signature="methodSetup()[pri:0, instance:BaseClassPractice.flipTest1@79be0360]" name="methodSetup" is-config="true" duration-ms="3218" started-at="2023-03-14T16:59:36 IST" finished-at="2023-03-14T16:59:40 IST">
          <reporter-output>
          </reporter-output>
        </test-method> <!-- methodSetup -->
        <test-method status="PASS" signature="ts1()[pri:0, instance:BaseClassPractice.flipTest1@79be0360]" name="ts1" duration-ms="386" started-at="2023-03-14T16:59:40 IST" finished-at="2023-03-14T16:59:40 IST">
          <reporter-output>
          </reporter-output>
        </test-method> <!-- ts1 -->
        <test-method status="PASS" signature="methodteardown()[pri:0, instance:BaseClassPractice.flipTest1@79be0360]" name="methodteardown" is-config="true" duration-ms="22" started-at="2023-03-14T16:59:40 IST" finished-at="2023-03-14T16:59:40 IST">
          <reporter-output>
          </reporter-output>
        </test-method> <!-- methodteardown -->
        <test-method status="PASS" signature="testTeardown()[pri:0, instance:BaseClassPractice.flipTest1@79be0360]" name="testTeardown" is-config="true" duration-ms="985" started-at="2023-03-14T16:59:40 IST" finished-at="2023-03-14T16:59:41 IST">
          <reporter-output>
          </reporter-output>
        </test-method> <!-- testTeardown -->
      </class> <!-- BaseClassPractice.flipTest1 -->
    </test> <!-- Test -->
  </suite> <!-- Suite -->
</testng-results>
