<?xml version="1.0" encoding="UTF-8"?>
<testsuite xmlns:xsi="http://www.w3.org/2001/XMLSchema-instance" xsi:noNamespaceSchemaLocation="https://maven.apache.org/surefire/maven-surefire-plugin/xsd/surefire-test-report-3.0.xsd" version="3.0" name="TestSuite" time="14.876" tests="2" errors="0" skipped="0" failures="1">
  <properties>
[...]
</properties>
  <testcase name="ts1" classname="sample.flipTest1" time="0.001">
    <failure type="java.lang.NullPointerException"><![CDATA[java.lang.NullPointerException
	at generic_utilities.Extentreportlistner.onTestStart(Extentreportlistner.java:64)
	at org.testng.internal.TestListenerHelper.runTestListeners(TestListenerHelper.java:103)
	at org.testng.internal.TestInvoker.runTestResultListener(TestInvoker.java:220)
	at org.testng.internal.TestInvoker.invokeMethod(TestInvoker.java:572)
	at org.testng.internal.TestInvoker.invokeTestMethod(TestInvoker.java:174)
	at org.testng.internal.MethodRunner.runInSequence(MethodRunner.java:46)
	at org.testng.internal.TestInvoker$MethodInvocationAgent.invoke(TestInvoker.java:822)
	at org.testng.internal.TestInvoker.invokeTestMethods(TestInvoker.java:147)
	at org.testng.internal.TestMethodWorker.invokeTestMethods(TestMethodWorker.java:146)
	at org.testng.internal.TestMethodWorker.run(TestMethodWorker.java:128)
	at java.util.concurrent.ThreadPoolExecutor.runWorker(ThreadPoolExecutor.java:1149)
	at java.util.concurrent.ThreadPoolExecutor$Worker.run(ThreadPoolExecutor.java:624)
	at java.lang.Thread.run(Thread.java:748)
]]></failure>
    <system-out><![CDATA[onStart----test
onTestStart
ts1
ts1
java.lang.NullPointerException
<b>ts1</b> is failed
onTestStart
ts1
[Ljava.lang.String;@5dc4f6c5 [Ljava.lang.String;@2ca1a63b
[Ljava.lang.String;@229ffb24
[Ljava.lang.String;@7851c611
15
]]></system-out>
    <system-err><![CDATA[ERROR StatusLogger Log4j2 could not find a logging implementation. Please add log4j-core to the classpath. Using SimpleLogger to log to the console...
SLF4J: No SLF4J providers were found.
SLF4J: Defaulting to no-operation (NOP) logger implementation
SLF4J: See https://www.slf4j.org/codes.html#noProviders for further details.
1678215743233	geckodriver	INFO	Listening on 1127.607.08.2115:743424347	g9e4ck
odriver	INFO	Listening on 127.0.0.1:29032
1678215743972	mozrunner1::r6un7n8e2r1	I5N7F4O3	9Ru7nning command: "C:\\Program Files\\Mozilla Firefox\\firefox.exe"2 	m"o-zr-umnanerri:o:nreutnnteer"	 I"N-FnOo	-Rreumnontie"n g" -cporomfimlea" n"Cd:\:\ U"sCer:s\\\\KaPrrtoigkr\a\mAp pFDaital\e\Lso\c\aMl\o\zTielmlpa\\ rFuisrt_efmooxz\p\roffiirleenfzoRCxu.Fe"xe
" "--marionette" "-no-remote" "-profile" "C:\\Users\\Kartik\\AppData\\Local\\Temp\\rust_mozprofilevzyEIc"
console.warn: services.settings: Ignoring preference override of remote settings server
console.warn: services.settings: Allow by setting MOZ_REMOTE_SETTINGS_DEVTOOLS=1 in the environment
console.warn: services.settings: Ignoring preference override of remote settings server
console.warn: services.settings: Allow by setting MOZ_REMOTE_SETTINGS_DEVTOOLS=1 in the environment
1678215744417	Marionette	INFO	Marionette enabled
1678215744418	Marionette	INFO	Marionette enabled
DDynamiycalnlaymi ceanlly eanabbllee  wwiinndodwo woc colcucsilonu 0si
on 0
11667788221155744424	Ma7r4i4on4e2t4t	eM	aIrNFiOo	nLeitsttee	nIiNnFgO 	oLni sptoernt i6n0g3 0o1n 
port 60300
RReeaadd  poprotr:t :60 360013
00
1678215744744	RemoteAgent	WARN	TLS certificate errors will be ignored for this session
1678215744762	RemoteAgent	WARN	TLS certificate errors will be ignored for this session
console.warn: SearchSettings: "get: No settings file exists, new profile?" (new NotFoundError("Could not open the file at C:\\Users\\Kartik\\AppData\\Local\\Temp\\rust_mozprofilevzyEIc\\search.json.mozlz4", (void 0)))
console.warn: SearchSettings: "get: No settings file exists, new profile?" (new NotFoundError("Could not open the file at C:\\Users\\Kartik\\AppData\\Local\\Temp\\rust_mozprofilenzRCuF\\search.json.mozlz4", (void 0)))
Mar 08, 2023 12:32:26 AM org.openqa.selenium.remote.ProtocolHandshake createSession
INFO: Detected dialect: W3C
Mar 08, 2023 12:32:27 AM org.openqa.selenium.remote.ProtocolHandshake createSession
INFO: Detected dialect: W3C
]]></system-err>
  </testcase>
  <testcase name="ts1" classname="sample.flipTest" time="0.553">
    <system-out><![CDATA[test case 1
regression
onTestSuccess
ts1 pass
]]></system-out>
  </testcase>
</testsuite>