<?xml version="1.0" encoding="UTF-8"?>
<testng-results skipped="0" failed="0" ignored="0" total="2" passed="2">
  <reporter-output>
  </reporter-output>
  <suite name="Suite" duration-ms="20743" started-at="2023-03-14T21:13:16 IST" finished-at="2023-03-14T21:13:37 IST">
    <groups>
      <group name="minor">
        <method signature="flipTest1.ts1()[pri:0, instance:BaseClassPractice.flipTest1@79be0360]" name="ts1" class="BaseClassPractice.flipTest1"/>
      </group> <!-- minor -->
      <group name="major">
        <method signature="flipTest.ts()[pri:0, instance:BaseClassPractice.flipTest@6321e813]" name="ts" class="BaseClassPractice.flipTest"/>
      </group> <!-- major -->
      <group name="regression">
        <method signature="flipTest.ts()[pri:0, instance:BaseClassPractice.flipTest@6321e813]" name="ts" class="BaseClassPractice.flipTest"/>
      </group> <!-- regression -->
      <group name="sanity">
        <method signature="flipTest1.ts1()[pri:0, instance:BaseClassPractice.flipTest1@79be0360]" name="ts1" class="BaseClassPractice.flipTest1"/>
      </group> <!-- sanity -->
    </groups>
    <test name="Test" duration-ms="20743" started-at="2023-03-14T21:13:16 IST" finished-at="2023-03-14T21:13:37 IST">
      <class name="BaseClassPractice.flipTest">
        <test-method status="PASS" signature="classsetup(java.lang.String)[pri:0, instance:BaseClassPractice.flipTest@6321e813]" name="classsetup" is-config="true" duration-ms="6336" started-at="2023-03-14T21:13:16 IST" finished-at="2023-03-14T21:13:23 IST">
          <params>
            <param index="0">
              <value>
                <![CDATA[firefox]]>
              </value>
            </param>
          </params>
          <reporter-output>
          </reporter-output>
        </test-method> <!-- classsetup -->
        <test-method status="PASS" signature="methodSetup()[pri:0, instance:BaseClassPractice.flipTest@6321e813]" name="methodSetup" is-config="true" duration-ms="3007" started-at="2023-03-14T21:13:23 IST" finished-at="2023-03-14T21:13:26 IST">
          <reporter-output>
          </reporter-output>
        </test-method> <!-- methodSetup -->
        <test-method status="PASS" signature="ts()[pri:0, instance:BaseClassPractice.flipTest@6321e813]" name="ts" duration-ms="682" started-at="2023-03-14T21:13:26 IST" finished-at="2023-03-14T21:13:26 IST">
          <reporter-output>
          </reporter-output>
        </test-method> <!-- ts -->
        <test-method status="PASS" signature="methodteardown()[pri:0, instance:BaseClassPractice.flipTest@6321e813]" name="methodteardown" is-config="true" duration-ms="21" started-at="2023-03-14T21:13:26 IST" finished-at="2023-03-14T21:13:26 IST">
          <reporter-output>
          </reporter-output>
        </test-method> <!-- methodteardown -->
        <test-method status="PASS" signature="testTeardown()[pri:0, instance:BaseClassPractice.flipTest@6321e813]" name="testTeardown" is-config="true" duration-ms="1105" started-at="2023-03-14T21:13:26 IST" finished-at="2023-03-14T21:13:27 IST">
          <reporter-output>
          </reporter-output>
        </test-method> <!-- testTeardown -->
      </class> <!-- BaseClassPractice.flipTest -->
      <class name="BaseClassPractice.flipTest1">
        <test-method status="PASS" signature="classsetup(java.lang.String)[pri:0, instance:BaseClassPractice.flipTest1@79be0360]" name="classsetup" is-config="true" duration-ms="3112" started-at="2023-03-14T21:13:27 IST" finished-at="2023-03-14T21:13:30 IST">
          <params>
            <param index="0">
              <value>
                <![CDATA[firefox]]>
              </value>
            </param>
          </params>
          <reporter-output>
          </reporter-output>
        </test-method> <!-- classsetup -->
        <test-method status="PASS" signature="methodSetup()[pri:0, instance:BaseClassPractice.flipTest1@79be0360]" name="methodSetup" is-config="true" duration-ms="4575" started-at="2023-03-14T21:13:30 IST" finished-at="2023-03-14T21:13:35 IST">
          <reporter-output>
          </reporter-output>
        </test-method> <!-- methodSetup -->
        <test-method status="PASS" signature="ts1()[pri:0, instance:BaseClassPractice.flipTest1@79be0360]" name="ts1" duration-ms="779" started-at="2023-03-14T21:13:35 IST" finished-at="2023-03-14T21:13:36 IST">
          <reporter-output>
          </reporter-output>
        </test-method> <!-- ts1 -->
        <test-method status="PASS" signature="methodteardown()[pri:0, instance:BaseClassPractice.flipTest1@79be0360]" name="methodteardown" is-config="true" duration-ms="13" started-at="2023-03-14T21:13:36 IST" finished-at="2023-03-14T21:13:36 IST">
          <reporter-output>
          </reporter-output>
        </test-method> <!-- methodteardown -->
        <test-method status="PASS" signature="testTeardown()[pri:0, instance:BaseClassPractice.flipTest1@79be0360]" name="testTeardown" is-config="true" duration-ms="1074" started-at="2023-03-14T21:13:36 IST" finished-at="2023-03-14T21:13:37 IST">
          <reporter-output>
          </reporter-output>
        </test-method> <!-- testTeardown -->
      </class> <!-- BaseClassPractice.flipTest1 -->
    </test> <!-- Test -->
  </suite> <!-- Suite -->
</testng-results>
