<?xml version="1.0" encoding="UTF-8"?>
<testng-results ignored="2" total="6" passed="4" failed="0" skipped="0">
  <reporter-output>
  </reporter-output>
  <suite started-at="2023-03-09T00:06:11 IST" name="Suite" finished-at="2023-03-09T00:06:33 IST" duration-ms="22329">
    <groups>
      <group name="minor">
        <method signature="flipTest1.ts1()[pri:0, instance:sample.flipTest1@446293d]" name="ts1" class="sample.flipTest1"/>
        <method signature="flipTest1.ts1()[pri:0, instance:sample.flipTest1@3bf9ce3e]" name="ts1" class="sample.flipTest1"/>
      </group> <!-- minor -->
      <group name="major">
        <method signature="flipTest.ts1()[pri:0, instance:sample.flipTest@212b5695]" name="ts1" class="sample.flipTest"/>
        <method signature="flipTest.ts1()[pri:0, instance:sample.flipTest@156b88f5]" name="ts1" class="sample.flipTest"/>
      </group> <!-- major -->
      <group name="regression">
        <method signature="flipTest.ts1()[pri:0, instance:sample.flipTest@212b5695]" name="ts1" class="sample.flipTest"/>
        <method signature="flipTest.ts1()[pri:0, instance:sample.flipTest@156b88f5]" name="ts1" class="sample.flipTest"/>
      </group> <!-- regression -->
      <group name="sanity">
        <method signature="flipTest1.ts1()[pri:0, instance:sample.flipTest1@446293d]" name="ts1" class="sample.flipTest1"/>
        <method signature="flipTest1.ts1()[pri:0, instance:sample.flipTest1@3bf9ce3e]" name="ts1" class="sample.flipTest1"/>
      </group> <!-- sanity -->
    </groups>
    <test started-at="2023-03-09T00:06:11 IST" name="Test" finished-at="2023-03-09T00:06:25 IST" duration-ms="13793">
      <class name="sample.flipTest1">
        <test-method is-config="true" signature="classsetup(java.lang.String)[pri:0, instance:sample.flipTest1@446293d]" started-at="2023-03-09T00:06:18 IST" name="classsetup" finished-at="2023-03-09T00:06:21 IST" duration-ms="2605" status="PASS">
          <params>
            <param index="0">
              <value>
                <![CDATA[firefox]]>
              </value>
            </param>
          </params>
          <reporter-output>
          </reporter-output>
        </test-method> <!-- classsetup -->
        <test-method is-config="true" signature="methodSetup()[pri:0, instance:sample.flipTest1@446293d]" started-at="2023-03-09T00:06:21 IST" name="methodSetup" finished-at="2023-03-09T00:06:23 IST" duration-ms="2205" status="PASS">
          <reporter-output>
          </reporter-output>
        </test-method> <!-- methodSetup -->
        <test-method signature="ts1()[pri:0, instance:sample.flipTest1@446293d]" started-at="2023-03-09T00:06:23 IST" name="ts1" finished-at="2023-03-09T00:06:24 IST" duration-ms="584" status="PASS">
          <reporter-output>
          </reporter-output>
        </test-method> <!-- ts1 -->
        <test-method is-config="true" signature="methodteardown()[pri:0, instance:sample.flipTest1@446293d]" started-at="2023-03-09T00:06:24 IST" name="methodteardown" finished-at="2023-03-09T00:06:24 IST" duration-ms="13" status="PASS">
          <reporter-output>
          </reporter-output>
        </test-method> <!-- methodteardown -->
      </class> <!-- sample.flipTest1 -->
      <class name="sample.flipTest">
        <test-method is-config="true" signature="classsetup(java.lang.String)[pri:0, instance:sample.flipTest@212b5695]" started-at="2023-03-09T00:06:11 IST" name="classsetup" finished-at="2023-03-09T00:06:15 IST" duration-ms="4020" status="PASS">
          <params>
            <param index="0">
              <value>
                <![CDATA[firefox]]>
              </value>
            </param>
          </params>
          <reporter-output>
          </reporter-output>
        </test-method> <!-- classsetup -->
        <test-method is-config="true" signature="methodSetup()[pri:0, instance:sample.flipTest@212b5695]" started-at="2023-03-09T00:06:15 IST" name="methodSetup" finished-at="2023-03-09T00:06:18 IST" duration-ms="2788" status="PASS">
          <reporter-output>
          </reporter-output>
        </test-method> <!-- methodSetup -->
        <test-method signature="ts1()[pri:0, instance:sample.flipTest@212b5695]" started-at="2023-03-09T00:06:18 IST" name="ts1" finished-at="2023-03-09T00:06:18 IST" duration-ms="371" status="PASS">
          <reporter-output>
          </reporter-output>
        </test-method> <!-- ts1 -->
        <test-method is-config="true" signature="methodteardown()[pri:0, instance:sample.flipTest@212b5695]" started-at="2023-03-09T00:06:18 IST" name="methodteardown" finished-at="2023-03-09T00:06:18 IST" duration-ms="7" status="PASS">
          <reporter-output>
          </reporter-output>
        </test-method> <!-- methodteardown -->
        <test-method is-config="true" signature="testTeardown()[pri:0, instance:sample.flipTest@212b5695]" started-at="2023-03-09T00:06:24 IST" name="testTeardown" finished-at="2023-03-09T00:06:25 IST" duration-ms="1168" status="PASS">
          <reporter-output>
          </reporter-output>
        </test-method> <!-- testTeardown -->
      </class> <!-- sample.flipTest -->
    </test> <!-- Test -->
    <test started-at="2023-03-09T00:06:25 IST" name="Test1" finished-at="2023-03-09T00:06:33 IST" duration-ms="8504">
      <class name="sample.flipTest">
        <test-method is-config="true" signature="classsetup(java.lang.String)[pri:0, instance:sample.flipTest@156b88f5]" started-at="2023-03-09T00:06:25 IST" name="classsetup" finished-at="2023-03-09T00:06:28 IST" duration-ms="2885" status="PASS">
          <params>
            <param index="0">
              <value>
                <![CDATA[chrome]]>
              </value>
            </param>
          </params>
          <reporter-output>
          </reporter-output>
        </test-method> <!-- classsetup -->
        <test-method is-config="true" signature="methodSetup()[pri:0, instance:sample.flipTest@156b88f5]" started-at="2023-03-09T00:06:28 IST" name="methodSetup" finished-at="2023-03-09T00:06:30 IST" duration-ms="2453" status="PASS">
          <reporter-output>
          </reporter-output>
        </test-method> <!-- methodSetup -->
        <test-method signature="ts1()[pri:0, instance:sample.flipTest@156b88f5]" started-at="2023-03-09T00:06:30 IST" name="ts1" finished-at="2023-03-09T00:06:30 IST" duration-ms="114" status="PASS">
          <reporter-output>
          </reporter-output>
        </test-method> <!-- ts1 -->
        <test-method is-config="true" signature="methodteardown()[pri:0, instance:sample.flipTest@156b88f5]" started-at="2023-03-09T00:06:30 IST" name="methodteardown" finished-at="2023-03-09T00:06:30 IST" duration-ms="70" status="PASS">
          <reporter-output>
          </reporter-output>
        </test-method> <!-- methodteardown -->
        <test-method is-config="true" signature="testTeardown()[pri:0, instance:sample.flipTest@156b88f5]" started-at="2023-03-09T00:06:33 IST" name="testTeardown" finished-at="2023-03-09T00:06:33 IST" duration-ms="251" status="PASS">
          <reporter-output>
          </reporter-output>
        </test-method> <!-- testTeardown -->
      </class> <!-- sample.flipTest -->
      <class name="sample.flipTest1">
        <test-method is-config="true" signature="classsetup(java.lang.String)[pri:0, instance:sample.flipTest1@3bf9ce3e]" started-at="2023-03-09T00:06:30 IST" name="classsetup" finished-at="2023-03-09T00:06:31 IST" duration-ms="849" status="PASS">
          <params>
            <param index="0">
              <value>
                <![CDATA[chrome]]>
              </value>
            </param>
          </params>
          <reporter-output>
          </reporter-output>
        </test-method> <!-- classsetup -->
        <test-method is-config="true" signature="methodSetup()[pri:0, instance:sample.flipTest1@3bf9ce3e]" started-at="2023-03-09T00:06:31 IST" name="methodSetup" finished-at="2023-03-09T00:06:33 IST" duration-ms="1674" status="PASS">
          <reporter-output>
          </reporter-output>
        </test-method> <!-- methodSetup -->
        <test-method signature="ts1()[pri:0, instance:sample.flipTest1@3bf9ce3e]" started-at="2023-03-09T00:06:33 IST" name="ts1" finished-at="2023-03-09T00:06:33 IST" duration-ms="93" status="PASS">
          <reporter-output>
          </reporter-output>
        </test-method> <!-- ts1 -->
        <test-method is-config="true" signature="methodteardown()[pri:0, instance:sample.flipTest1@3bf9ce3e]" started-at="2023-03-09T00:06:33 IST" name="methodteardown" finished-at="2023-03-09T00:06:33 IST" duration-ms="107" status="PASS">
          <reporter-output>
          </reporter-output>
        </test-method> <!-- methodteardown -->
      </class> <!-- sample.flipTest1 -->
    </test> <!-- Test1 -->
  </suite> <!-- Suite -->
</testng-results>
