<?xml version="1.0" encoding="UTF-8"?>
<testng-results ignored="0" total="3" passed="3" failed="0" skipped="0">
  <reporter-output>
  </reporter-output>
  <suite started-at="2023-03-10T15:47:29 IST" name="Suite" finished-at="2023-03-10T15:47:56 IST" duration-ms="27440">
    <groups>
      <group name="major">
        <method signature="SM_BBTest.profile_update_hometest()[pri:0, instance:Profile.SM_BBTest@bae7dc0]" name="profile_update_hometest" class="Profile.SM_BBTest"/>
        <method signature="SM_BBTest.upload_phototest()[pri:0, instance:Home.SM_BBTest@21e360a]" name="upload_phototest" class="Home.SM_BBTest"/>
      </group> <!-- major -->
      <group name="minor">
        <method signature="SM_BBTest.profileUpdatetest()[pri:0, instance:Profile.SM_BBTest@bae7dc0]" name="profileUpdatetest" class="Profile.SM_BBTest"/>
      </group> <!-- minor -->
      <group name="regression">
        <method signature="SM_BBTest.profile_update_hometest()[pri:0, instance:Profile.SM_BBTest@bae7dc0]" name="profile_update_hometest" class="Profile.SM_BBTest"/>
        <method signature="SM_BBTest.upload_phototest()[pri:0, instance:Home.SM_BBTest@21e360a]" name="upload_phototest" class="Home.SM_BBTest"/>
      </group> <!-- regression -->
      <group name="sanity">
        <method signature="SM_BBTest.profileUpdatetest()[pri:0, instance:Profile.SM_BBTest@bae7dc0]" name="profileUpdatetest" class="Profile.SM_BBTest"/>
      </group> <!-- sanity -->
    </groups>
    <test started-at="2023-03-10T15:47:29 IST" name="Test" finished-at="2023-03-10T15:47:56 IST" duration-ms="27440">
      <class name="Profile.SM_BBTest">
        <test-method is-config="true" signature="testSetup()[pri:0, instance:Profile.SM_BBTest@bae7dc0]" started-at="2023-03-10T15:47:44 IST" name="testSetup" finished-at="2023-03-10T15:47:47 IST" duration-ms="3391" status="PASS">
          <reporter-output>
          </reporter-output>
        </test-method> <!-- testSetup -->
        <test-method is-config="true" signature="methodSetup()[pri:0, instance:Profile.SM_BBTest@bae7dc0]" started-at="2023-03-10T15:47:47 IST" name="methodSetup" finished-at="2023-03-10T15:47:49 IST" duration-ms="1392" status="PASS">
          <reporter-output>
          </reporter-output>
        </test-method> <!-- methodSetup -->
        <test-method signature="profileUpdatetest()[pri:0, instance:Profile.SM_BBTest@bae7dc0]" started-at="2023-03-10T15:47:49 IST" name="profileUpdatetest" finished-at="2023-03-10T15:47:49 IST" duration-ms="666" status="PASS">
          <reporter-output>
          </reporter-output>
        </test-method> <!-- profileUpdatetest -->
        <test-method is-config="true" signature="methodTeardown()[pri:0, instance:Profile.SM_BBTest@bae7dc0]" started-at="2023-03-10T15:47:49 IST" name="methodTeardown" finished-at="2023-03-10T15:47:49 IST" duration-ms="0" status="PASS">
          <reporter-output>
          </reporter-output>
        </test-method> <!-- methodTeardown -->
        <test-method is-config="true" signature="methodSetup()[pri:0, instance:Profile.SM_BBTest@bae7dc0]" started-at="2023-03-10T15:47:49 IST" name="methodSetup" finished-at="2023-03-10T15:47:50 IST" duration-ms="1003" status="PASS">
          <reporter-output>
          </reporter-output>
        </test-method> <!-- methodSetup -->
        <test-method signature="profile_update_hometest()[pri:0, instance:Profile.SM_BBTest@bae7dc0]" started-at="2023-03-10T15:47:50 IST" name="profile_update_hometest" finished-at="2023-03-10T15:47:51 IST" duration-ms="1213" status="PASS">
          <reporter-output>
          </reporter-output>
        </test-method> <!-- profile_update_hometest -->
        <test-method is-config="true" signature="methodTeardown()[pri:0, instance:Profile.SM_BBTest@bae7dc0]" started-at="2023-03-10T15:47:51 IST" name="methodTeardown" finished-at="2023-03-10T15:47:51 IST" duration-ms="0" status="PASS">
          <reporter-output>
          </reporter-output>
        </test-method> <!-- methodTeardown -->
        <test-method is-config="true" signature="testTeardown()[pri:0, instance:Profile.SM_BBTest@bae7dc0]" started-at="2023-03-10T15:47:51 IST" name="testTeardown" finished-at="2023-03-10T15:47:56 IST" duration-ms="5016" status="PASS">
          <reporter-output>
          </reporter-output>
        </test-method> <!-- testTeardown -->
      </class> <!-- Profile.SM_BBTest -->
      <class name="Home.SM_BBTest">
        <test-method is-config="true" signature="testSetup()[pri:0, instance:Home.SM_BBTest@21e360a]" started-at="2023-03-10T15:47:29 IST" name="testSetup" finished-at="2023-03-10T15:47:34 IST" duration-ms="4843" status="PASS">
          <reporter-output>
          </reporter-output>
        </test-method> <!-- testSetup -->
        <test-method is-config="true" signature="methodSetup()[pri:0, instance:Home.SM_BBTest@21e360a]" started-at="2023-03-10T15:47:34 IST" name="methodSetup" finished-at="2023-03-10T15:47:36 IST" duration-ms="2190" status="PASS">
          <reporter-output>
          </reporter-output>
        </test-method> <!-- methodSetup -->
        <test-method signature="upload_phototest()[pri:0, instance:Home.SM_BBTest@21e360a]" started-at="2023-03-10T15:47:36 IST" name="upload_phototest" finished-at="2023-03-10T15:47:39 IST" duration-ms="2665" status="PASS">
          <reporter-output>
          </reporter-output>
        </test-method> <!-- upload_phototest -->
        <test-method is-config="true" signature="methodTeardown()[pri:0, instance:Home.SM_BBTest@21e360a]" started-at="2023-03-10T15:47:39 IST" name="methodTeardown" finished-at="2023-03-10T15:47:39 IST" duration-ms="0" status="PASS">
          <reporter-output>
          </reporter-output>
        </test-method> <!-- methodTeardown -->
        <test-method is-config="true" signature="testTeardown()[pri:0, instance:Home.SM_BBTest@21e360a]" started-at="2023-03-10T15:47:39 IST" name="testTeardown" finished-at="2023-03-10T15:47:44 IST" duration-ms="5005" status="PASS">
          <reporter-output>
          </reporter-output>
        </test-method> <!-- testTeardown -->
      </class> <!-- Home.SM_BBTest -->
    </test> <!-- Test -->
  </suite> <!-- Suite -->
</testng-results>
